ARM GAS  /tmp/ccEequ1B.s 			page 1


   1              		.cpu cortex-m4
   2              		.eabi_attribute 27, 1
   3              		.eabi_attribute 28, 1
   4              		.eabi_attribute 20, 1
   5              		.eabi_attribute 21, 1
   6              		.eabi_attribute 23, 3
   7              		.eabi_attribute 24, 1
   8              		.eabi_attribute 25, 1
   9              		.eabi_attribute 26, 1
  10              		.eabi_attribute 30, 1
  11              		.eabi_attribute 34, 1
  12              		.eabi_attribute 18, 4
  13              		.file	"stm32f4xx_hal_msp.c"
  14              		.text
  15              	.Ltext0:
  16              		.cfi_sections	.debug_frame
  17              		.section	.text.HAL_MspInit,"ax",%progbits
  18              		.align	1
  19              		.global	HAL_MspInit
  20              		.arch armv7e-m
  21              		.syntax unified
  22              		.thumb
  23              		.thumb_func
  24              		.fpu fpv4-sp-d16
  26              	HAL_MspInit:
  27              	.LFB130:
  28              		.file 1 "Src/stm32f4xx_hal_msp.c"
   1:Src/stm32f4xx_hal_msp.c **** /* USER CODE BEGIN Header */
   2:Src/stm32f4xx_hal_msp.c **** /**
   3:Src/stm32f4xx_hal_msp.c ****   ******************************************************************************
   4:Src/stm32f4xx_hal_msp.c ****   * File Name          : stm32f4xx_hal_msp.c
   5:Src/stm32f4xx_hal_msp.c ****   * Description        : This file provides code for the MSP Initialization 
   6:Src/stm32f4xx_hal_msp.c ****   *                      and de-Initialization codes.
   7:Src/stm32f4xx_hal_msp.c ****   ******************************************************************************
   8:Src/stm32f4xx_hal_msp.c ****   * @attention
   9:Src/stm32f4xx_hal_msp.c ****   *
  10:Src/stm32f4xx_hal_msp.c ****   * <h2><center>&copy; Copyright (c) 2019 STMicroelectronics.
  11:Src/stm32f4xx_hal_msp.c ****   * All rights reserved.</center></h2>
  12:Src/stm32f4xx_hal_msp.c ****   *
  13:Src/stm32f4xx_hal_msp.c ****   * This software component is licensed by ST under Ultimate Liberty license
  14:Src/stm32f4xx_hal_msp.c ****   * SLA0044, the "License"; You may not use this file except in compliance with
  15:Src/stm32f4xx_hal_msp.c ****   * the License. You may obtain a copy of the License at:
  16:Src/stm32f4xx_hal_msp.c ****   *                             www.st.com/SLA0044
  17:Src/stm32f4xx_hal_msp.c ****   *
  18:Src/stm32f4xx_hal_msp.c ****   ******************************************************************************
  19:Src/stm32f4xx_hal_msp.c ****   */
  20:Src/stm32f4xx_hal_msp.c **** /* USER CODE END Header */
  21:Src/stm32f4xx_hal_msp.c **** 
  22:Src/stm32f4xx_hal_msp.c **** /* Includes ------------------------------------------------------------------*/
  23:Src/stm32f4xx_hal_msp.c **** #include "main.h"
  24:Src/stm32f4xx_hal_msp.c **** /* USER CODE BEGIN Includes */
  25:Src/stm32f4xx_hal_msp.c **** 
  26:Src/stm32f4xx_hal_msp.c **** /* USER CODE END Includes */
  27:Src/stm32f4xx_hal_msp.c **** extern DMA_HandleTypeDef hdma_adc1;
  28:Src/stm32f4xx_hal_msp.c **** 
  29:Src/stm32f4xx_hal_msp.c **** /* Private typedef -----------------------------------------------------------*/
  30:Src/stm32f4xx_hal_msp.c **** /* USER CODE BEGIN TD */
ARM GAS  /tmp/ccEequ1B.s 			page 2


  31:Src/stm32f4xx_hal_msp.c **** 
  32:Src/stm32f4xx_hal_msp.c **** /* USER CODE END TD */
  33:Src/stm32f4xx_hal_msp.c **** 
  34:Src/stm32f4xx_hal_msp.c **** /* Private define ------------------------------------------------------------*/
  35:Src/stm32f4xx_hal_msp.c **** /* USER CODE BEGIN Define */
  36:Src/stm32f4xx_hal_msp.c ****  
  37:Src/stm32f4xx_hal_msp.c **** /* USER CODE END Define */
  38:Src/stm32f4xx_hal_msp.c **** 
  39:Src/stm32f4xx_hal_msp.c **** /* Private macro -------------------------------------------------------------*/
  40:Src/stm32f4xx_hal_msp.c **** /* USER CODE BEGIN Macro */
  41:Src/stm32f4xx_hal_msp.c **** 
  42:Src/stm32f4xx_hal_msp.c **** /* USER CODE END Macro */
  43:Src/stm32f4xx_hal_msp.c **** 
  44:Src/stm32f4xx_hal_msp.c **** /* Private variables ---------------------------------------------------------*/
  45:Src/stm32f4xx_hal_msp.c **** /* USER CODE BEGIN PV */
  46:Src/stm32f4xx_hal_msp.c **** 
  47:Src/stm32f4xx_hal_msp.c **** /* USER CODE END PV */
  48:Src/stm32f4xx_hal_msp.c **** 
  49:Src/stm32f4xx_hal_msp.c **** /* Private function prototypes -----------------------------------------------*/
  50:Src/stm32f4xx_hal_msp.c **** /* USER CODE BEGIN PFP */
  51:Src/stm32f4xx_hal_msp.c **** 
  52:Src/stm32f4xx_hal_msp.c **** /* USER CODE END PFP */
  53:Src/stm32f4xx_hal_msp.c **** 
  54:Src/stm32f4xx_hal_msp.c **** /* External functions --------------------------------------------------------*/
  55:Src/stm32f4xx_hal_msp.c **** /* USER CODE BEGIN ExternalFunctions */
  56:Src/stm32f4xx_hal_msp.c **** 
  57:Src/stm32f4xx_hal_msp.c **** /* USER CODE END ExternalFunctions */
  58:Src/stm32f4xx_hal_msp.c **** 
  59:Src/stm32f4xx_hal_msp.c **** /* USER CODE BEGIN 0 */
  60:Src/stm32f4xx_hal_msp.c **** 
  61:Src/stm32f4xx_hal_msp.c **** /* USER CODE END 0 */
  62:Src/stm32f4xx_hal_msp.c ****                         
  63:Src/stm32f4xx_hal_msp.c **** void HAL_TIM_MspPostInit(TIM_HandleTypeDef *htim);
  64:Src/stm32f4xx_hal_msp.c ****                     /**
  65:Src/stm32f4xx_hal_msp.c ****   * Initializes the Global MSP.
  66:Src/stm32f4xx_hal_msp.c ****   */
  67:Src/stm32f4xx_hal_msp.c **** void HAL_MspInit(void)
  68:Src/stm32f4xx_hal_msp.c **** {
  29              		.loc 1 68 1 view -0
  30              		.cfi_startproc
  31              		@ args = 0, pretend = 0, frame = 8
  32              		@ frame_needed = 0, uses_anonymous_args = 0
  33              		@ link register save eliminated.
  34 0000 82B0     		sub	sp, sp, #8
  35              	.LCFI0:
  36              		.cfi_def_cfa_offset 8
  69:Src/stm32f4xx_hal_msp.c ****   /* USER CODE BEGIN MspInit 0 */
  70:Src/stm32f4xx_hal_msp.c **** 
  71:Src/stm32f4xx_hal_msp.c ****   /* USER CODE END MspInit 0 */
  72:Src/stm32f4xx_hal_msp.c **** 
  73:Src/stm32f4xx_hal_msp.c ****   __HAL_RCC_SYSCFG_CLK_ENABLE();
  37              		.loc 1 73 3 view .LVU1
  38              	.LBB2:
  39              		.loc 1 73 3 view .LVU2
  40 0002 0021     		movs	r1, #0
  41 0004 0091     		str	r1, [sp]
  42              		.loc 1 73 3 view .LVU3
ARM GAS  /tmp/ccEequ1B.s 			page 3


  43 0006 0B4B     		ldr	r3, .L3
  44 0008 5A6C     		ldr	r2, [r3, #68]
  45 000a 42F48042 		orr	r2, r2, #16384
  46 000e 5A64     		str	r2, [r3, #68]
  47              		.loc 1 73 3 view .LVU4
  48 0010 5A6C     		ldr	r2, [r3, #68]
  49 0012 02F48042 		and	r2, r2, #16384
  50 0016 0092     		str	r2, [sp]
  51              		.loc 1 73 3 view .LVU5
  52 0018 009A     		ldr	r2, [sp]
  53              	.LBE2:
  74:Src/stm32f4xx_hal_msp.c ****   __HAL_RCC_PWR_CLK_ENABLE();
  54              		.loc 1 74 3 view .LVU6
  55              	.LBB3:
  56              		.loc 1 74 3 view .LVU7
  57 001a 0191     		str	r1, [sp, #4]
  58              		.loc 1 74 3 view .LVU8
  59 001c 1A6C     		ldr	r2, [r3, #64]
  60 001e 42F08052 		orr	r2, r2, #268435456
  61 0022 1A64     		str	r2, [r3, #64]
  62              		.loc 1 74 3 view .LVU9
  63 0024 1B6C     		ldr	r3, [r3, #64]
  64 0026 03F08053 		and	r3, r3, #268435456
  65 002a 0193     		str	r3, [sp, #4]
  66              		.loc 1 74 3 view .LVU10
  67 002c 019B     		ldr	r3, [sp, #4]
  68              	.LBE3:
  75:Src/stm32f4xx_hal_msp.c **** 
  76:Src/stm32f4xx_hal_msp.c ****   /* System interrupt init*/
  77:Src/stm32f4xx_hal_msp.c **** 
  78:Src/stm32f4xx_hal_msp.c ****   /* USER CODE BEGIN MspInit 1 */
  79:Src/stm32f4xx_hal_msp.c **** 
  80:Src/stm32f4xx_hal_msp.c ****   /* USER CODE END MspInit 1 */
  81:Src/stm32f4xx_hal_msp.c **** }
  69              		.loc 1 81 1 is_stmt 0 view .LVU11
  70 002e 02B0     		add	sp, sp, #8
  71              	.LCFI1:
  72              		.cfi_def_cfa_offset 0
  73              		@ sp needed
  74 0030 7047     		bx	lr
  75              	.L4:
  76 0032 00BF     		.align	2
  77              	.L3:
  78 0034 00380240 		.word	1073887232
  79              		.cfi_endproc
  80              	.LFE130:
  82              		.section	.text.HAL_ADC_MspInit,"ax",%progbits
  83              		.align	1
  84              		.global	HAL_ADC_MspInit
  85              		.syntax unified
  86              		.thumb
  87              		.thumb_func
  88              		.fpu fpv4-sp-d16
  90              	HAL_ADC_MspInit:
  91              	.LVL0:
  92              	.LFB131:
  82:Src/stm32f4xx_hal_msp.c **** 
ARM GAS  /tmp/ccEequ1B.s 			page 4


  83:Src/stm32f4xx_hal_msp.c **** /**
  84:Src/stm32f4xx_hal_msp.c **** * @brief ADC MSP Initialization
  85:Src/stm32f4xx_hal_msp.c **** * This function configures the hardware resources used in this example
  86:Src/stm32f4xx_hal_msp.c **** * @param hadc: ADC handle pointer
  87:Src/stm32f4xx_hal_msp.c **** * @retval None
  88:Src/stm32f4xx_hal_msp.c **** */
  89:Src/stm32f4xx_hal_msp.c **** void HAL_ADC_MspInit(ADC_HandleTypeDef* hadc)
  90:Src/stm32f4xx_hal_msp.c **** {
  93              		.loc 1 90 1 is_stmt 1 view -0
  94              		.cfi_startproc
  95              		@ args = 0, pretend = 0, frame = 32
  96              		@ frame_needed = 0, uses_anonymous_args = 0
  97              		.loc 1 90 1 is_stmt 0 view .LVU13
  98 0000 30B5     		push	{r4, r5, lr}
  99              	.LCFI2:
 100              		.cfi_def_cfa_offset 12
 101              		.cfi_offset 4, -12
 102              		.cfi_offset 5, -8
 103              		.cfi_offset 14, -4
 104 0002 89B0     		sub	sp, sp, #36
 105              	.LCFI3:
 106              		.cfi_def_cfa_offset 48
  91:Src/stm32f4xx_hal_msp.c ****   GPIO_InitTypeDef GPIO_InitStruct = {0};
 107              		.loc 1 91 3 is_stmt 1 view .LVU14
 108              		.loc 1 91 20 is_stmt 0 view .LVU15
 109 0004 0023     		movs	r3, #0
 110 0006 0393     		str	r3, [sp, #12]
 111 0008 0493     		str	r3, [sp, #16]
 112 000a 0593     		str	r3, [sp, #20]
 113 000c 0693     		str	r3, [sp, #24]
 114 000e 0793     		str	r3, [sp, #28]
  92:Src/stm32f4xx_hal_msp.c ****   if(hadc->Instance==ADC1)
 115              		.loc 1 92 3 is_stmt 1 view .LVU16
 116              		.loc 1 92 10 is_stmt 0 view .LVU17
 117 0010 0268     		ldr	r2, [r0]
 118              		.loc 1 92 5 view .LVU18
 119 0012 03F18043 		add	r3, r3, #1073741824
 120 0016 03F59033 		add	r3, r3, #73728
 121 001a 9A42     		cmp	r2, r3
 122 001c 01D0     		beq	.L9
 123              	.LVL1:
 124              	.L5:
  93:Src/stm32f4xx_hal_msp.c ****   {
  94:Src/stm32f4xx_hal_msp.c ****   /* USER CODE BEGIN ADC1_MspInit 0 */
  95:Src/stm32f4xx_hal_msp.c **** 
  96:Src/stm32f4xx_hal_msp.c ****   /* USER CODE END ADC1_MspInit 0 */
  97:Src/stm32f4xx_hal_msp.c ****     /* Peripheral clock enable */
  98:Src/stm32f4xx_hal_msp.c ****     __HAL_RCC_ADC1_CLK_ENABLE();
  99:Src/stm32f4xx_hal_msp.c ****   
 100:Src/stm32f4xx_hal_msp.c ****     __HAL_RCC_GPIOA_CLK_ENABLE();
 101:Src/stm32f4xx_hal_msp.c ****     /**ADC1 GPIO Configuration    
 102:Src/stm32f4xx_hal_msp.c ****     PA1     ------> ADC1_IN1
 103:Src/stm32f4xx_hal_msp.c ****     PA3     ------> ADC1_IN3
 104:Src/stm32f4xx_hal_msp.c ****     PA5     ------> ADC1_IN5 
 105:Src/stm32f4xx_hal_msp.c ****     */
 106:Src/stm32f4xx_hal_msp.c ****     GPIO_InitStruct.Pin = GPIO_PIN_1|GPIO_PIN_3|GPIO_PIN_5;
 107:Src/stm32f4xx_hal_msp.c ****     GPIO_InitStruct.Mode = GPIO_MODE_ANALOG;
ARM GAS  /tmp/ccEequ1B.s 			page 5


 108:Src/stm32f4xx_hal_msp.c ****     GPIO_InitStruct.Pull = GPIO_NOPULL;
 109:Src/stm32f4xx_hal_msp.c ****     HAL_GPIO_Init(GPIOA, &GPIO_InitStruct);
 110:Src/stm32f4xx_hal_msp.c **** 
 111:Src/stm32f4xx_hal_msp.c ****     /* ADC1 DMA Init */
 112:Src/stm32f4xx_hal_msp.c ****     /* ADC1 Init */
 113:Src/stm32f4xx_hal_msp.c ****     hdma_adc1.Instance = DMA2_Stream0;
 114:Src/stm32f4xx_hal_msp.c ****     hdma_adc1.Init.Channel = DMA_CHANNEL_0;
 115:Src/stm32f4xx_hal_msp.c ****     hdma_adc1.Init.Direction = DMA_PERIPH_TO_MEMORY;
 116:Src/stm32f4xx_hal_msp.c ****     hdma_adc1.Init.PeriphInc = DMA_PINC_DISABLE;
 117:Src/stm32f4xx_hal_msp.c ****     hdma_adc1.Init.MemInc = DMA_MINC_ENABLE;
 118:Src/stm32f4xx_hal_msp.c ****     hdma_adc1.Init.PeriphDataAlignment = DMA_PDATAALIGN_HALFWORD;
 119:Src/stm32f4xx_hal_msp.c ****     hdma_adc1.Init.MemDataAlignment = DMA_MDATAALIGN_HALFWORD;
 120:Src/stm32f4xx_hal_msp.c ****     hdma_adc1.Init.Mode = DMA_CIRCULAR;
 121:Src/stm32f4xx_hal_msp.c ****     hdma_adc1.Init.Priority = DMA_PRIORITY_LOW;
 122:Src/stm32f4xx_hal_msp.c ****     hdma_adc1.Init.FIFOMode = DMA_FIFOMODE_DISABLE;
 123:Src/stm32f4xx_hal_msp.c ****     if (HAL_DMA_Init(&hdma_adc1) != HAL_OK)
 124:Src/stm32f4xx_hal_msp.c ****     {
 125:Src/stm32f4xx_hal_msp.c ****       Error_Handler();
 126:Src/stm32f4xx_hal_msp.c ****     }
 127:Src/stm32f4xx_hal_msp.c **** 
 128:Src/stm32f4xx_hal_msp.c ****     __HAL_LINKDMA(hadc,DMA_Handle,hdma_adc1);
 129:Src/stm32f4xx_hal_msp.c **** 
 130:Src/stm32f4xx_hal_msp.c ****   /* USER CODE BEGIN ADC1_MspInit 1 */
 131:Src/stm32f4xx_hal_msp.c **** 
 132:Src/stm32f4xx_hal_msp.c ****   /* USER CODE END ADC1_MspInit 1 */
 133:Src/stm32f4xx_hal_msp.c ****   }
 134:Src/stm32f4xx_hal_msp.c **** 
 135:Src/stm32f4xx_hal_msp.c **** }
 125              		.loc 1 135 1 view .LVU19
 126 001e 09B0     		add	sp, sp, #36
 127              	.LCFI4:
 128              		.cfi_remember_state
 129              		.cfi_def_cfa_offset 12
 130              		@ sp needed
 131 0020 30BD     		pop	{r4, r5, pc}
 132              	.LVL2:
 133              	.L9:
 134              	.LCFI5:
 135              		.cfi_restore_state
 136              		.loc 1 135 1 view .LVU20
 137 0022 0446     		mov	r4, r0
  98:Src/stm32f4xx_hal_msp.c ****   
 138              		.loc 1 98 5 is_stmt 1 view .LVU21
 139              	.LBB4:
  98:Src/stm32f4xx_hal_msp.c ****   
 140              		.loc 1 98 5 view .LVU22
 141 0024 0025     		movs	r5, #0
 142 0026 0195     		str	r5, [sp, #4]
  98:Src/stm32f4xx_hal_msp.c ****   
 143              		.loc 1 98 5 view .LVU23
 144 0028 03F58C33 		add	r3, r3, #71680
 145 002c 5A6C     		ldr	r2, [r3, #68]
 146 002e 42F48072 		orr	r2, r2, #256
 147 0032 5A64     		str	r2, [r3, #68]
  98:Src/stm32f4xx_hal_msp.c ****   
 148              		.loc 1 98 5 view .LVU24
 149 0034 5A6C     		ldr	r2, [r3, #68]
ARM GAS  /tmp/ccEequ1B.s 			page 6


 150 0036 02F48072 		and	r2, r2, #256
 151 003a 0192     		str	r2, [sp, #4]
  98:Src/stm32f4xx_hal_msp.c ****   
 152              		.loc 1 98 5 view .LVU25
 153 003c 019A     		ldr	r2, [sp, #4]
 154              	.LBE4:
 100:Src/stm32f4xx_hal_msp.c ****     /**ADC1 GPIO Configuration    
 155              		.loc 1 100 5 view .LVU26
 156              	.LBB5:
 100:Src/stm32f4xx_hal_msp.c ****     /**ADC1 GPIO Configuration    
 157              		.loc 1 100 5 view .LVU27
 158 003e 0295     		str	r5, [sp, #8]
 100:Src/stm32f4xx_hal_msp.c ****     /**ADC1 GPIO Configuration    
 159              		.loc 1 100 5 view .LVU28
 160 0040 1A6B     		ldr	r2, [r3, #48]
 161 0042 42F00102 		orr	r2, r2, #1
 162 0046 1A63     		str	r2, [r3, #48]
 100:Src/stm32f4xx_hal_msp.c ****     /**ADC1 GPIO Configuration    
 163              		.loc 1 100 5 view .LVU29
 164 0048 1B6B     		ldr	r3, [r3, #48]
 165 004a 03F00103 		and	r3, r3, #1
 166 004e 0293     		str	r3, [sp, #8]
 100:Src/stm32f4xx_hal_msp.c ****     /**ADC1 GPIO Configuration    
 167              		.loc 1 100 5 view .LVU30
 168 0050 029B     		ldr	r3, [sp, #8]
 169              	.LBE5:
 106:Src/stm32f4xx_hal_msp.c ****     GPIO_InitStruct.Mode = GPIO_MODE_ANALOG;
 170              		.loc 1 106 5 view .LVU31
 106:Src/stm32f4xx_hal_msp.c ****     GPIO_InitStruct.Mode = GPIO_MODE_ANALOG;
 171              		.loc 1 106 25 is_stmt 0 view .LVU32
 172 0052 2A23     		movs	r3, #42
 173 0054 0393     		str	r3, [sp, #12]
 107:Src/stm32f4xx_hal_msp.c ****     GPIO_InitStruct.Pull = GPIO_NOPULL;
 174              		.loc 1 107 5 is_stmt 1 view .LVU33
 107:Src/stm32f4xx_hal_msp.c ****     GPIO_InitStruct.Pull = GPIO_NOPULL;
 175              		.loc 1 107 26 is_stmt 0 view .LVU34
 176 0056 0323     		movs	r3, #3
 177 0058 0493     		str	r3, [sp, #16]
 108:Src/stm32f4xx_hal_msp.c ****     HAL_GPIO_Init(GPIOA, &GPIO_InitStruct);
 178              		.loc 1 108 5 is_stmt 1 view .LVU35
 109:Src/stm32f4xx_hal_msp.c **** 
 179              		.loc 1 109 5 view .LVU36
 180 005a 03A9     		add	r1, sp, #12
 181 005c 1048     		ldr	r0, .L11
 182              	.LVL3:
 109:Src/stm32f4xx_hal_msp.c **** 
 183              		.loc 1 109 5 is_stmt 0 view .LVU37
 184 005e FFF7FEFF 		bl	HAL_GPIO_Init
 185              	.LVL4:
 113:Src/stm32f4xx_hal_msp.c ****     hdma_adc1.Init.Channel = DMA_CHANNEL_0;
 186              		.loc 1 113 5 is_stmt 1 view .LVU38
 113:Src/stm32f4xx_hal_msp.c ****     hdma_adc1.Init.Channel = DMA_CHANNEL_0;
 187              		.loc 1 113 24 is_stmt 0 view .LVU39
 188 0062 1048     		ldr	r0, .L11+4
 189 0064 104B     		ldr	r3, .L11+8
 190 0066 0360     		str	r3, [r0]
 114:Src/stm32f4xx_hal_msp.c ****     hdma_adc1.Init.Direction = DMA_PERIPH_TO_MEMORY;
ARM GAS  /tmp/ccEequ1B.s 			page 7


 191              		.loc 1 114 5 is_stmt 1 view .LVU40
 114:Src/stm32f4xx_hal_msp.c ****     hdma_adc1.Init.Direction = DMA_PERIPH_TO_MEMORY;
 192              		.loc 1 114 28 is_stmt 0 view .LVU41
 193 0068 4560     		str	r5, [r0, #4]
 115:Src/stm32f4xx_hal_msp.c ****     hdma_adc1.Init.PeriphInc = DMA_PINC_DISABLE;
 194              		.loc 1 115 5 is_stmt 1 view .LVU42
 115:Src/stm32f4xx_hal_msp.c ****     hdma_adc1.Init.PeriphInc = DMA_PINC_DISABLE;
 195              		.loc 1 115 30 is_stmt 0 view .LVU43
 196 006a 8560     		str	r5, [r0, #8]
 116:Src/stm32f4xx_hal_msp.c ****     hdma_adc1.Init.MemInc = DMA_MINC_ENABLE;
 197              		.loc 1 116 5 is_stmt 1 view .LVU44
 116:Src/stm32f4xx_hal_msp.c ****     hdma_adc1.Init.MemInc = DMA_MINC_ENABLE;
 198              		.loc 1 116 30 is_stmt 0 view .LVU45
 199 006c C560     		str	r5, [r0, #12]
 117:Src/stm32f4xx_hal_msp.c ****     hdma_adc1.Init.PeriphDataAlignment = DMA_PDATAALIGN_HALFWORD;
 200              		.loc 1 117 5 is_stmt 1 view .LVU46
 117:Src/stm32f4xx_hal_msp.c ****     hdma_adc1.Init.PeriphDataAlignment = DMA_PDATAALIGN_HALFWORD;
 201              		.loc 1 117 27 is_stmt 0 view .LVU47
 202 006e 4FF48063 		mov	r3, #1024
 203 0072 0361     		str	r3, [r0, #16]
 118:Src/stm32f4xx_hal_msp.c ****     hdma_adc1.Init.MemDataAlignment = DMA_MDATAALIGN_HALFWORD;
 204              		.loc 1 118 5 is_stmt 1 view .LVU48
 118:Src/stm32f4xx_hal_msp.c ****     hdma_adc1.Init.MemDataAlignment = DMA_MDATAALIGN_HALFWORD;
 205              		.loc 1 118 40 is_stmt 0 view .LVU49
 206 0074 4FF40063 		mov	r3, #2048
 207 0078 4361     		str	r3, [r0, #20]
 119:Src/stm32f4xx_hal_msp.c ****     hdma_adc1.Init.Mode = DMA_CIRCULAR;
 208              		.loc 1 119 5 is_stmt 1 view .LVU50
 119:Src/stm32f4xx_hal_msp.c ****     hdma_adc1.Init.Mode = DMA_CIRCULAR;
 209              		.loc 1 119 37 is_stmt 0 view .LVU51
 210 007a 4FF40053 		mov	r3, #8192
 211 007e 8361     		str	r3, [r0, #24]
 120:Src/stm32f4xx_hal_msp.c ****     hdma_adc1.Init.Priority = DMA_PRIORITY_LOW;
 212              		.loc 1 120 5 is_stmt 1 view .LVU52
 120:Src/stm32f4xx_hal_msp.c ****     hdma_adc1.Init.Priority = DMA_PRIORITY_LOW;
 213              		.loc 1 120 25 is_stmt 0 view .LVU53
 214 0080 4FF48073 		mov	r3, #256
 215 0084 C361     		str	r3, [r0, #28]
 121:Src/stm32f4xx_hal_msp.c ****     hdma_adc1.Init.FIFOMode = DMA_FIFOMODE_DISABLE;
 216              		.loc 1 121 5 is_stmt 1 view .LVU54
 121:Src/stm32f4xx_hal_msp.c ****     hdma_adc1.Init.FIFOMode = DMA_FIFOMODE_DISABLE;
 217              		.loc 1 121 29 is_stmt 0 view .LVU55
 218 0086 0562     		str	r5, [r0, #32]
 122:Src/stm32f4xx_hal_msp.c ****     if (HAL_DMA_Init(&hdma_adc1) != HAL_OK)
 219              		.loc 1 122 5 is_stmt 1 view .LVU56
 122:Src/stm32f4xx_hal_msp.c ****     if (HAL_DMA_Init(&hdma_adc1) != HAL_OK)
 220              		.loc 1 122 29 is_stmt 0 view .LVU57
 221 0088 4562     		str	r5, [r0, #36]
 123:Src/stm32f4xx_hal_msp.c ****     {
 222              		.loc 1 123 5 is_stmt 1 view .LVU58
 123:Src/stm32f4xx_hal_msp.c ****     {
 223              		.loc 1 123 9 is_stmt 0 view .LVU59
 224 008a FFF7FEFF 		bl	HAL_DMA_Init
 225              	.LVL5:
 123:Src/stm32f4xx_hal_msp.c ****     {
 226              		.loc 1 123 8 view .LVU60
 227 008e 18B9     		cbnz	r0, .L10
ARM GAS  /tmp/ccEequ1B.s 			page 8


 228              	.L7:
 128:Src/stm32f4xx_hal_msp.c **** 
 229              		.loc 1 128 5 is_stmt 1 view .LVU61
 128:Src/stm32f4xx_hal_msp.c **** 
 230              		.loc 1 128 5 view .LVU62
 231 0090 044B     		ldr	r3, .L11+4
 232 0092 A363     		str	r3, [r4, #56]
 128:Src/stm32f4xx_hal_msp.c **** 
 233              		.loc 1 128 5 view .LVU63
 234 0094 9C63     		str	r4, [r3, #56]
 235              		.loc 1 135 1 is_stmt 0 view .LVU64
 236 0096 C2E7     		b	.L5
 237              	.L10:
 125:Src/stm32f4xx_hal_msp.c ****     }
 238              		.loc 1 125 7 is_stmt 1 view .LVU65
 239 0098 FFF7FEFF 		bl	Error_Handler
 240              	.LVL6:
 241 009c F8E7     		b	.L7
 242              	.L12:
 243 009e 00BF     		.align	2
 244              	.L11:
 245 00a0 00000240 		.word	1073872896
 246 00a4 00000000 		.word	hdma_adc1
 247 00a8 10640240 		.word	1073898512
 248              		.cfi_endproc
 249              	.LFE131:
 251              		.section	.text.HAL_ADC_MspDeInit,"ax",%progbits
 252              		.align	1
 253              		.global	HAL_ADC_MspDeInit
 254              		.syntax unified
 255              		.thumb
 256              		.thumb_func
 257              		.fpu fpv4-sp-d16
 259              	HAL_ADC_MspDeInit:
 260              	.LVL7:
 261              	.LFB132:
 136:Src/stm32f4xx_hal_msp.c **** 
 137:Src/stm32f4xx_hal_msp.c **** /**
 138:Src/stm32f4xx_hal_msp.c **** * @brief ADC MSP De-Initialization
 139:Src/stm32f4xx_hal_msp.c **** * This function freeze the hardware resources used in this example
 140:Src/stm32f4xx_hal_msp.c **** * @param hadc: ADC handle pointer
 141:Src/stm32f4xx_hal_msp.c **** * @retval None
 142:Src/stm32f4xx_hal_msp.c **** */
 143:Src/stm32f4xx_hal_msp.c **** void HAL_ADC_MspDeInit(ADC_HandleTypeDef* hadc)
 144:Src/stm32f4xx_hal_msp.c **** {
 262              		.loc 1 144 1 view -0
 263              		.cfi_startproc
 264              		@ args = 0, pretend = 0, frame = 0
 265              		@ frame_needed = 0, uses_anonymous_args = 0
 145:Src/stm32f4xx_hal_msp.c ****   if(hadc->Instance==ADC1)
 266              		.loc 1 145 3 view .LVU67
 267              		.loc 1 145 10 is_stmt 0 view .LVU68
 268 0000 0268     		ldr	r2, [r0]
 269              		.loc 1 145 5 view .LVU69
 270 0002 094B     		ldr	r3, .L20
 271 0004 9A42     		cmp	r2, r3
 272 0006 00D0     		beq	.L19
ARM GAS  /tmp/ccEequ1B.s 			page 9


 273 0008 7047     		bx	lr
 274              	.L19:
 144:Src/stm32f4xx_hal_msp.c ****   if(hadc->Instance==ADC1)
 275              		.loc 1 144 1 view .LVU70
 276 000a 10B5     		push	{r4, lr}
 277              	.LCFI6:
 278              		.cfi_def_cfa_offset 8
 279              		.cfi_offset 4, -8
 280              		.cfi_offset 14, -4
 281 000c 0446     		mov	r4, r0
 146:Src/stm32f4xx_hal_msp.c ****   {
 147:Src/stm32f4xx_hal_msp.c ****   /* USER CODE BEGIN ADC1_MspDeInit 0 */
 148:Src/stm32f4xx_hal_msp.c **** 
 149:Src/stm32f4xx_hal_msp.c ****   /* USER CODE END ADC1_MspDeInit 0 */
 150:Src/stm32f4xx_hal_msp.c ****     /* Peripheral clock disable */
 151:Src/stm32f4xx_hal_msp.c ****     __HAL_RCC_ADC1_CLK_DISABLE();
 282              		.loc 1 151 5 is_stmt 1 view .LVU71
 283 000e 074A     		ldr	r2, .L20+4
 284 0010 536C     		ldr	r3, [r2, #68]
 285 0012 23F48073 		bic	r3, r3, #256
 286 0016 5364     		str	r3, [r2, #68]
 152:Src/stm32f4xx_hal_msp.c ****   
 153:Src/stm32f4xx_hal_msp.c ****     /**ADC1 GPIO Configuration    
 154:Src/stm32f4xx_hal_msp.c ****     PA1     ------> ADC1_IN1
 155:Src/stm32f4xx_hal_msp.c ****     PA3     ------> ADC1_IN3
 156:Src/stm32f4xx_hal_msp.c ****     PA5     ------> ADC1_IN5 
 157:Src/stm32f4xx_hal_msp.c ****     */
 158:Src/stm32f4xx_hal_msp.c ****     HAL_GPIO_DeInit(GPIOA, GPIO_PIN_1|GPIO_PIN_3|GPIO_PIN_5);
 287              		.loc 1 158 5 view .LVU72
 288 0018 2A21     		movs	r1, #42
 289 001a 0548     		ldr	r0, .L20+8
 290              	.LVL8:
 291              		.loc 1 158 5 is_stmt 0 view .LVU73
 292 001c FFF7FEFF 		bl	HAL_GPIO_DeInit
 293              	.LVL9:
 159:Src/stm32f4xx_hal_msp.c **** 
 160:Src/stm32f4xx_hal_msp.c ****     /* ADC1 DMA DeInit */
 161:Src/stm32f4xx_hal_msp.c ****     HAL_DMA_DeInit(hadc->DMA_Handle);
 294              		.loc 1 161 5 is_stmt 1 view .LVU74
 295 0020 A06B     		ldr	r0, [r4, #56]
 296 0022 FFF7FEFF 		bl	HAL_DMA_DeInit
 297              	.LVL10:
 162:Src/stm32f4xx_hal_msp.c ****   /* USER CODE BEGIN ADC1_MspDeInit 1 */
 163:Src/stm32f4xx_hal_msp.c **** 
 164:Src/stm32f4xx_hal_msp.c ****   /* USER CODE END ADC1_MspDeInit 1 */
 165:Src/stm32f4xx_hal_msp.c ****   }
 166:Src/stm32f4xx_hal_msp.c **** 
 167:Src/stm32f4xx_hal_msp.c **** }
 298              		.loc 1 167 1 is_stmt 0 view .LVU75
 299 0026 10BD     		pop	{r4, pc}
 300              	.LVL11:
 301              	.L21:
 302              		.loc 1 167 1 view .LVU76
 303              		.align	2
 304              	.L20:
 305 0028 00200140 		.word	1073815552
 306 002c 00380240 		.word	1073887232
ARM GAS  /tmp/ccEequ1B.s 			page 10


 307 0030 00000240 		.word	1073872896
 308              		.cfi_endproc
 309              	.LFE132:
 311              		.section	.text.HAL_TIM_Base_MspInit,"ax",%progbits
 312              		.align	1
 313              		.global	HAL_TIM_Base_MspInit
 314              		.syntax unified
 315              		.thumb
 316              		.thumb_func
 317              		.fpu fpv4-sp-d16
 319              	HAL_TIM_Base_MspInit:
 320              	.LVL12:
 321              	.LFB133:
 168:Src/stm32f4xx_hal_msp.c **** 
 169:Src/stm32f4xx_hal_msp.c **** /**
 170:Src/stm32f4xx_hal_msp.c **** * @brief TIM_Base MSP Initialization
 171:Src/stm32f4xx_hal_msp.c **** * This function configures the hardware resources used in this example
 172:Src/stm32f4xx_hal_msp.c **** * @param htim_base: TIM_Base handle pointer
 173:Src/stm32f4xx_hal_msp.c **** * @retval None
 174:Src/stm32f4xx_hal_msp.c **** */
 175:Src/stm32f4xx_hal_msp.c **** void HAL_TIM_Base_MspInit(TIM_HandleTypeDef* htim_base)
 176:Src/stm32f4xx_hal_msp.c **** {
 322              		.loc 1 176 1 is_stmt 1 view -0
 323              		.cfi_startproc
 324              		@ args = 0, pretend = 0, frame = 8
 325              		@ frame_needed = 0, uses_anonymous_args = 0
 326              		@ link register save eliminated.
 177:Src/stm32f4xx_hal_msp.c ****   if(htim_base->Instance==TIM1)
 327              		.loc 1 177 3 view .LVU78
 328              		.loc 1 177 15 is_stmt 0 view .LVU79
 329 0000 0268     		ldr	r2, [r0]
 330              		.loc 1 177 5 view .LVU80
 331 0002 094B     		ldr	r3, .L29
 332 0004 9A42     		cmp	r2, r3
 333 0006 00D0     		beq	.L28
 334 0008 7047     		bx	lr
 335              	.L28:
 176:Src/stm32f4xx_hal_msp.c ****   if(htim_base->Instance==TIM1)
 336              		.loc 1 176 1 view .LVU81
 337 000a 82B0     		sub	sp, sp, #8
 338              	.LCFI7:
 339              		.cfi_def_cfa_offset 8
 178:Src/stm32f4xx_hal_msp.c ****   {
 179:Src/stm32f4xx_hal_msp.c ****   /* USER CODE BEGIN TIM1_MspInit 0 */
 180:Src/stm32f4xx_hal_msp.c **** 
 181:Src/stm32f4xx_hal_msp.c ****   /* USER CODE END TIM1_MspInit 0 */
 182:Src/stm32f4xx_hal_msp.c ****     /* Peripheral clock enable */
 183:Src/stm32f4xx_hal_msp.c ****     __HAL_RCC_TIM1_CLK_ENABLE();
 340              		.loc 1 183 5 is_stmt 1 view .LVU82
 341              	.LBB6:
 342              		.loc 1 183 5 view .LVU83
 343 000c 0023     		movs	r3, #0
 344 000e 0193     		str	r3, [sp, #4]
 345              		.loc 1 183 5 view .LVU84
 346 0010 064B     		ldr	r3, .L29+4
 347 0012 5A6C     		ldr	r2, [r3, #68]
 348 0014 42F00102 		orr	r2, r2, #1
ARM GAS  /tmp/ccEequ1B.s 			page 11


 349 0018 5A64     		str	r2, [r3, #68]
 350              		.loc 1 183 5 view .LVU85
 351 001a 5B6C     		ldr	r3, [r3, #68]
 352 001c 03F00103 		and	r3, r3, #1
 353 0020 0193     		str	r3, [sp, #4]
 354              		.loc 1 183 5 view .LVU86
 355 0022 019B     		ldr	r3, [sp, #4]
 356              	.LBE6:
 184:Src/stm32f4xx_hal_msp.c ****   /* USER CODE BEGIN TIM1_MspInit 1 */
 185:Src/stm32f4xx_hal_msp.c **** 
 186:Src/stm32f4xx_hal_msp.c ****   /* USER CODE END TIM1_MspInit 1 */
 187:Src/stm32f4xx_hal_msp.c ****   }
 188:Src/stm32f4xx_hal_msp.c **** 
 189:Src/stm32f4xx_hal_msp.c **** }
 357              		.loc 1 189 1 is_stmt 0 view .LVU87
 358 0024 02B0     		add	sp, sp, #8
 359              	.LCFI8:
 360              		.cfi_def_cfa_offset 0
 361              		@ sp needed
 362 0026 7047     		bx	lr
 363              	.L30:
 364              		.align	2
 365              	.L29:
 366 0028 00000140 		.word	1073807360
 367 002c 00380240 		.word	1073887232
 368              		.cfi_endproc
 369              	.LFE133:
 371              		.section	.text.HAL_TIM_MspPostInit,"ax",%progbits
 372              		.align	1
 373              		.global	HAL_TIM_MspPostInit
 374              		.syntax unified
 375              		.thumb
 376              		.thumb_func
 377              		.fpu fpv4-sp-d16
 379              	HAL_TIM_MspPostInit:
 380              	.LVL13:
 381              	.LFB134:
 190:Src/stm32f4xx_hal_msp.c **** 
 191:Src/stm32f4xx_hal_msp.c **** void HAL_TIM_MspPostInit(TIM_HandleTypeDef* htim)
 192:Src/stm32f4xx_hal_msp.c **** {
 382              		.loc 1 192 1 is_stmt 1 view -0
 383              		.cfi_startproc
 384              		@ args = 0, pretend = 0, frame = 24
 385              		@ frame_needed = 0, uses_anonymous_args = 0
 386              		.loc 1 192 1 is_stmt 0 view .LVU89
 387 0000 00B5     		push	{lr}
 388              	.LCFI9:
 389              		.cfi_def_cfa_offset 4
 390              		.cfi_offset 14, -4
 391 0002 87B0     		sub	sp, sp, #28
 392              	.LCFI10:
 393              		.cfi_def_cfa_offset 32
 193:Src/stm32f4xx_hal_msp.c ****   GPIO_InitTypeDef GPIO_InitStruct = {0};
 394              		.loc 1 193 3 is_stmt 1 view .LVU90
 395              		.loc 1 193 20 is_stmt 0 view .LVU91
 396 0004 0023     		movs	r3, #0
 397 0006 0193     		str	r3, [sp, #4]
ARM GAS  /tmp/ccEequ1B.s 			page 12


 398 0008 0293     		str	r3, [sp, #8]
 399 000a 0393     		str	r3, [sp, #12]
 400 000c 0493     		str	r3, [sp, #16]
 401 000e 0593     		str	r3, [sp, #20]
 194:Src/stm32f4xx_hal_msp.c ****   if(htim->Instance==TIM1)
 402              		.loc 1 194 3 is_stmt 1 view .LVU92
 403              		.loc 1 194 10 is_stmt 0 view .LVU93
 404 0010 0268     		ldr	r2, [r0]
 405              		.loc 1 194 5 view .LVU94
 406 0012 0F4B     		ldr	r3, .L35
 407 0014 9A42     		cmp	r2, r3
 408 0016 02D0     		beq	.L34
 409              	.LVL14:
 410              	.L31:
 195:Src/stm32f4xx_hal_msp.c ****   {
 196:Src/stm32f4xx_hal_msp.c ****   /* USER CODE BEGIN TIM1_MspPostInit 0 */
 197:Src/stm32f4xx_hal_msp.c **** 
 198:Src/stm32f4xx_hal_msp.c ****   /* USER CODE END TIM1_MspPostInit 0 */
 199:Src/stm32f4xx_hal_msp.c ****   
 200:Src/stm32f4xx_hal_msp.c ****     __HAL_RCC_GPIOE_CLK_ENABLE();
 201:Src/stm32f4xx_hal_msp.c ****     /**TIM1 GPIO Configuration    
 202:Src/stm32f4xx_hal_msp.c ****     PE9     ------> TIM1_CH1 
 203:Src/stm32f4xx_hal_msp.c ****     */
 204:Src/stm32f4xx_hal_msp.c ****     GPIO_InitStruct.Pin = GPIO_PIN_9;
 205:Src/stm32f4xx_hal_msp.c ****     GPIO_InitStruct.Mode = GPIO_MODE_AF_PP;
 206:Src/stm32f4xx_hal_msp.c ****     GPIO_InitStruct.Pull = GPIO_NOPULL;
 207:Src/stm32f4xx_hal_msp.c ****     GPIO_InitStruct.Speed = GPIO_SPEED_FREQ_LOW;
 208:Src/stm32f4xx_hal_msp.c ****     GPIO_InitStruct.Alternate = GPIO_AF1_TIM1;
 209:Src/stm32f4xx_hal_msp.c ****     HAL_GPIO_Init(GPIOE, &GPIO_InitStruct);
 210:Src/stm32f4xx_hal_msp.c **** 
 211:Src/stm32f4xx_hal_msp.c ****   /* USER CODE BEGIN TIM1_MspPostInit 1 */
 212:Src/stm32f4xx_hal_msp.c **** 
 213:Src/stm32f4xx_hal_msp.c ****   /* USER CODE END TIM1_MspPostInit 1 */
 214:Src/stm32f4xx_hal_msp.c ****   }
 215:Src/stm32f4xx_hal_msp.c **** 
 216:Src/stm32f4xx_hal_msp.c **** }
 411              		.loc 1 216 1 view .LVU95
 412 0018 07B0     		add	sp, sp, #28
 413              	.LCFI11:
 414              		.cfi_remember_state
 415              		.cfi_def_cfa_offset 4
 416              		@ sp needed
 417 001a 5DF804FB 		ldr	pc, [sp], #4
 418              	.LVL15:
 419              	.L34:
 420              	.LCFI12:
 421              		.cfi_restore_state
 200:Src/stm32f4xx_hal_msp.c ****     /**TIM1 GPIO Configuration    
 422              		.loc 1 200 5 is_stmt 1 view .LVU96
 423              	.LBB7:
 200:Src/stm32f4xx_hal_msp.c ****     /**TIM1 GPIO Configuration    
 424              		.loc 1 200 5 view .LVU97
 425 001e 0023     		movs	r3, #0
 426 0020 0093     		str	r3, [sp]
 200:Src/stm32f4xx_hal_msp.c ****     /**TIM1 GPIO Configuration    
 427              		.loc 1 200 5 view .LVU98
 428 0022 0C4B     		ldr	r3, .L35+4
ARM GAS  /tmp/ccEequ1B.s 			page 13


 429 0024 1A6B     		ldr	r2, [r3, #48]
 430 0026 42F01002 		orr	r2, r2, #16
 431 002a 1A63     		str	r2, [r3, #48]
 200:Src/stm32f4xx_hal_msp.c ****     /**TIM1 GPIO Configuration    
 432              		.loc 1 200 5 view .LVU99
 433 002c 1B6B     		ldr	r3, [r3, #48]
 434 002e 03F01003 		and	r3, r3, #16
 435 0032 0093     		str	r3, [sp]
 200:Src/stm32f4xx_hal_msp.c ****     /**TIM1 GPIO Configuration    
 436              		.loc 1 200 5 view .LVU100
 437 0034 009B     		ldr	r3, [sp]
 438              	.LBE7:
 204:Src/stm32f4xx_hal_msp.c ****     GPIO_InitStruct.Mode = GPIO_MODE_AF_PP;
 439              		.loc 1 204 5 view .LVU101
 204:Src/stm32f4xx_hal_msp.c ****     GPIO_InitStruct.Mode = GPIO_MODE_AF_PP;
 440              		.loc 1 204 25 is_stmt 0 view .LVU102
 441 0036 4FF40073 		mov	r3, #512
 442 003a 0193     		str	r3, [sp, #4]
 205:Src/stm32f4xx_hal_msp.c ****     GPIO_InitStruct.Pull = GPIO_NOPULL;
 443              		.loc 1 205 5 is_stmt 1 view .LVU103
 205:Src/stm32f4xx_hal_msp.c ****     GPIO_InitStruct.Pull = GPIO_NOPULL;
 444              		.loc 1 205 26 is_stmt 0 view .LVU104
 445 003c 0223     		movs	r3, #2
 446 003e 0293     		str	r3, [sp, #8]
 206:Src/stm32f4xx_hal_msp.c ****     GPIO_InitStruct.Speed = GPIO_SPEED_FREQ_LOW;
 447              		.loc 1 206 5 is_stmt 1 view .LVU105
 207:Src/stm32f4xx_hal_msp.c ****     GPIO_InitStruct.Alternate = GPIO_AF1_TIM1;
 448              		.loc 1 207 5 view .LVU106
 208:Src/stm32f4xx_hal_msp.c ****     HAL_GPIO_Init(GPIOE, &GPIO_InitStruct);
 449              		.loc 1 208 5 view .LVU107
 208:Src/stm32f4xx_hal_msp.c ****     HAL_GPIO_Init(GPIOE, &GPIO_InitStruct);
 450              		.loc 1 208 31 is_stmt 0 view .LVU108
 451 0040 0123     		movs	r3, #1
 452 0042 0593     		str	r3, [sp, #20]
 209:Src/stm32f4xx_hal_msp.c **** 
 453              		.loc 1 209 5 is_stmt 1 view .LVU109
 454 0044 01A9     		add	r1, sp, #4
 455 0046 0448     		ldr	r0, .L35+8
 456              	.LVL16:
 209:Src/stm32f4xx_hal_msp.c **** 
 457              		.loc 1 209 5 is_stmt 0 view .LVU110
 458 0048 FFF7FEFF 		bl	HAL_GPIO_Init
 459              	.LVL17:
 460              		.loc 1 216 1 view .LVU111
 461 004c E4E7     		b	.L31
 462              	.L36:
 463 004e 00BF     		.align	2
 464              	.L35:
 465 0050 00000140 		.word	1073807360
 466 0054 00380240 		.word	1073887232
 467 0058 00100240 		.word	1073876992
 468              		.cfi_endproc
 469              	.LFE134:
 471              		.section	.text.HAL_TIM_Base_MspDeInit,"ax",%progbits
 472              		.align	1
 473              		.global	HAL_TIM_Base_MspDeInit
 474              		.syntax unified
ARM GAS  /tmp/ccEequ1B.s 			page 14


 475              		.thumb
 476              		.thumb_func
 477              		.fpu fpv4-sp-d16
 479              	HAL_TIM_Base_MspDeInit:
 480              	.LVL18:
 481              	.LFB135:
 217:Src/stm32f4xx_hal_msp.c **** /**
 218:Src/stm32f4xx_hal_msp.c **** * @brief TIM_Base MSP De-Initialization
 219:Src/stm32f4xx_hal_msp.c **** * This function freeze the hardware resources used in this example
 220:Src/stm32f4xx_hal_msp.c **** * @param htim_base: TIM_Base handle pointer
 221:Src/stm32f4xx_hal_msp.c **** * @retval None
 222:Src/stm32f4xx_hal_msp.c **** */
 223:Src/stm32f4xx_hal_msp.c **** void HAL_TIM_Base_MspDeInit(TIM_HandleTypeDef* htim_base)
 224:Src/stm32f4xx_hal_msp.c **** {
 482              		.loc 1 224 1 is_stmt 1 view -0
 483              		.cfi_startproc
 484              		@ args = 0, pretend = 0, frame = 0
 485              		@ frame_needed = 0, uses_anonymous_args = 0
 486              		@ link register save eliminated.
 225:Src/stm32f4xx_hal_msp.c ****   if(htim_base->Instance==TIM1)
 487              		.loc 1 225 3 view .LVU113
 488              		.loc 1 225 15 is_stmt 0 view .LVU114
 489 0000 0268     		ldr	r2, [r0]
 490              		.loc 1 225 5 view .LVU115
 491 0002 054B     		ldr	r3, .L40
 492 0004 9A42     		cmp	r2, r3
 493 0006 00D0     		beq	.L39
 494              	.L37:
 226:Src/stm32f4xx_hal_msp.c ****   {
 227:Src/stm32f4xx_hal_msp.c ****   /* USER CODE BEGIN TIM1_MspDeInit 0 */
 228:Src/stm32f4xx_hal_msp.c **** 
 229:Src/stm32f4xx_hal_msp.c ****   /* USER CODE END TIM1_MspDeInit 0 */
 230:Src/stm32f4xx_hal_msp.c ****     /* Peripheral clock disable */
 231:Src/stm32f4xx_hal_msp.c ****     __HAL_RCC_TIM1_CLK_DISABLE();
 232:Src/stm32f4xx_hal_msp.c ****   /* USER CODE BEGIN TIM1_MspDeInit 1 */
 233:Src/stm32f4xx_hal_msp.c **** 
 234:Src/stm32f4xx_hal_msp.c ****   /* USER CODE END TIM1_MspDeInit 1 */
 235:Src/stm32f4xx_hal_msp.c ****   }
 236:Src/stm32f4xx_hal_msp.c **** 
 237:Src/stm32f4xx_hal_msp.c **** }
 495              		.loc 1 237 1 view .LVU116
 496 0008 7047     		bx	lr
 497              	.L39:
 231:Src/stm32f4xx_hal_msp.c ****   /* USER CODE BEGIN TIM1_MspDeInit 1 */
 498              		.loc 1 231 5 is_stmt 1 view .LVU117
 499 000a 044A     		ldr	r2, .L40+4
 500 000c 536C     		ldr	r3, [r2, #68]
 501 000e 23F00103 		bic	r3, r3, #1
 502 0012 5364     		str	r3, [r2, #68]
 503              		.loc 1 237 1 is_stmt 0 view .LVU118
 504 0014 F8E7     		b	.L37
 505              	.L41:
 506 0016 00BF     		.align	2
 507              	.L40:
 508 0018 00000140 		.word	1073807360
 509 001c 00380240 		.word	1073887232
 510              		.cfi_endproc
ARM GAS  /tmp/ccEequ1B.s 			page 15


 511              	.LFE135:
 513              		.comm	htim1,64,4
 514              		.comm	hdma_adc1,96,4
 515              		.comm	hadc1,72,4
 516              		.text
 517              	.Letext0:
 518              		.file 2 "/opt/gcc-arm-none-eabi-8-2018-q4-major/arm-none-eabi/include/machine/_default_types.h"
 519              		.file 3 "/opt/gcc-arm-none-eabi-8-2018-q4-major/arm-none-eabi/include/sys/_stdint.h"
 520              		.file 4 "Drivers/CMSIS/Include/core_cm4.h"
 521              		.file 5 "Drivers/CMSIS/Device/ST/STM32F4xx/Include/system_stm32f4xx.h"
 522              		.file 6 "Drivers/CMSIS/Device/ST/STM32F4xx/Include/stm32f407xx.h"
 523              		.file 7 "Drivers/CMSIS/Device/ST/STM32F4xx/Include/stm32f4xx.h"
 524              		.file 8 "Drivers/STM32F4xx_HAL_Driver/Inc/stm32f4xx_hal_def.h"
 525              		.file 9 "Drivers/STM32F4xx_HAL_Driver/Inc/stm32f4xx_hal_gpio.h"
 526              		.file 10 "Drivers/STM32F4xx_HAL_Driver/Inc/stm32f4xx_hal_dma.h"
 527              		.file 11 "Drivers/STM32F4xx_HAL_Driver/Inc/stm32f4xx_hal_adc.h"
 528              		.file 12 "Drivers/STM32F4xx_HAL_Driver/Inc/stm32f4xx_hal_tim.h"
 529              		.file 13 "Inc/main.h"
ARM GAS  /tmp/ccEequ1B.s 			page 16


DEFINED SYMBOLS
                            *ABS*:0000000000000000 stm32f4xx_hal_msp.c
     /tmp/ccEequ1B.s:18     .text.HAL_MspInit:0000000000000000 $t
     /tmp/ccEequ1B.s:26     .text.HAL_MspInit:0000000000000000 HAL_MspInit
     /tmp/ccEequ1B.s:78     .text.HAL_MspInit:0000000000000034 $d
     /tmp/ccEequ1B.s:83     .text.HAL_ADC_MspInit:0000000000000000 $t
     /tmp/ccEequ1B.s:90     .text.HAL_ADC_MspInit:0000000000000000 HAL_ADC_MspInit
     /tmp/ccEequ1B.s:245    .text.HAL_ADC_MspInit:00000000000000a0 $d
                            *COM*:0000000000000060 hdma_adc1
     /tmp/ccEequ1B.s:252    .text.HAL_ADC_MspDeInit:0000000000000000 $t
     /tmp/ccEequ1B.s:259    .text.HAL_ADC_MspDeInit:0000000000000000 HAL_ADC_MspDeInit
     /tmp/ccEequ1B.s:305    .text.HAL_ADC_MspDeInit:0000000000000028 $d
     /tmp/ccEequ1B.s:312    .text.HAL_TIM_Base_MspInit:0000000000000000 $t
     /tmp/ccEequ1B.s:319    .text.HAL_TIM_Base_MspInit:0000000000000000 HAL_TIM_Base_MspInit
     /tmp/ccEequ1B.s:366    .text.HAL_TIM_Base_MspInit:0000000000000028 $d
     /tmp/ccEequ1B.s:372    .text.HAL_TIM_MspPostInit:0000000000000000 $t
     /tmp/ccEequ1B.s:379    .text.HAL_TIM_MspPostInit:0000000000000000 HAL_TIM_MspPostInit
     /tmp/ccEequ1B.s:465    .text.HAL_TIM_MspPostInit:0000000000000050 $d
     /tmp/ccEequ1B.s:472    .text.HAL_TIM_Base_MspDeInit:0000000000000000 $t
     /tmp/ccEequ1B.s:479    .text.HAL_TIM_Base_MspDeInit:0000000000000000 HAL_TIM_Base_MspDeInit
     /tmp/ccEequ1B.s:508    .text.HAL_TIM_Base_MspDeInit:0000000000000018 $d
                            *COM*:0000000000000040 htim1
                            *COM*:0000000000000048 hadc1

UNDEFINED SYMBOLS
HAL_GPIO_Init
HAL_DMA_Init
Error_Handler
HAL_GPIO_DeInit
HAL_DMA_DeInit
